# JRE version: OpenJDK Runtime Environment Zulu17.32+13-CA (17.0.2+8) (build 17.0.2+8-LTS)
# Java VM: OpenJDK 64-Bit Server VM Zulu17.32+13-CA (17.0.2+8-LTS, mixed mode, sharing, tiered, compressed oops, compressed class ptrs, g1 gc, windows-amd64)
GC Precious Log:
 CPUs: 12 total, 12 available
 Memory: 7504M
 Large Page Support: Disabled
 NUMA Support: Disabled
 Compressed Oops: Enabled (32-bit)
 Heap Region Size: 1M
 Heap Min Capacity: 8M
 Heap Initial Capacity: 118M
 Heap Max Capacity: 1878M
 Pre-touch: Disabled
 Parallel Workers: 10
 Concurrent Workers: 3
 Concurrent Refinement Workers: 10
 Periodic GC: Disabled
Heap:
 garbage-first heap   total 253952K, used 143141K [0x000000008aa00000, 0x0000000100000000)
  region size 1024K, 127 young (130048K), 1 survivors (1024K)
 Metaspace       used 25505K, committed 25920K, reserved 1073152K
  class space    used 2986K, committed 3136K, reserved 1048576K
GC Heap History (20 events):
Event: 38.601 GC heap before
{Heap before GC invocations=78 (full 0):
 garbage-first heap   total 253952K, used 114909K [0x000000008aa00000, 0x0000000100000000)
  region size 1024K, 4 young (4096K), 1 survivors (1024K)
 Metaspace       used 24683K, committed 25024K, reserved 1073152K
  class space    used 2972K, committed 3136K, reserved 1048576K
}
Event: 38.602 GC heap after
{Heap after GC invocations=79 (full 0):
 garbage-first heap   total 253952K, used 14563K [0x000000008aa00000, 0x0000000100000000)
  region size 1024K, 1 young (1024K), 1 survivors (1024K)
 Metaspace       used 24683K, committed 25024K, reserved 1073152K
  class space    used 2972K, committed 3136K, reserved 1048576K
}
Event: 38.745 GC heap before
{Heap before GC invocations=79 (full 0):
 garbage-first heap   total 253952K, used 115939K [0x000000008aa00000, 0x0000000100000000)
  region size 1024K, 5 young (5120K), 1 survivors (1024K)
 Metaspace       used 24683K, committed 25024K, reserved 1073152K
  class space    used 2972K, committed 3136K, reserved 1048576K
}
Event: 38.746 GC heap after
{Heap after GC invocations=80 (full 0):
 garbage-first heap   total 253952K, used 14569K [0x000000008aa00000, 0x0000000100000000)
  region size 1024K, 1 young (1024K), 1 survivors (1024K)
 Metaspace       used 24683K, committed 25024K, reserved 1073152K
  class space    used 2972K, committed 3136K, reserved 1048576K
}
Event: 38.841 GC heap before
{Heap before GC invocations=80 (full 0):
 garbage-first heap   total 253952K, used 114921K [0x000000008aa00000, 0x0000000100000000)
  region size 1024K, 4 young (4096K), 1 survivors (1024K)
 Metaspace       used 24711K, committed 25088K, reserved 1073152K
  class space    used 2972K, committed 3136K, reserved 1048576K
}
Event: 38.842 GC heap after
{Heap after GC invocations=81 (full 0):
 garbage-first heap   total 253952K, used 14575K [0x000000008aa00000, 0x0000000100000000)
  region size 1024K, 1 young (1024K), 1 survivors (1024K)
 Metaspace       used 24711K, committed 25088K, reserved 1073152K
  class space    used 2972K, committed 3136K, reserved 1048576K
}
Event: 38.937 GC heap before
{Heap before GC invocations=81 (full 0):
 garbage-first heap   total 253952K, used 114927K [0x000000008aa00000, 0x0000000100000000)
  region size 1024K, 4 young (4096K), 1 survivors (1024K)
 Metaspace       used 24716K, committed 25088K, reserved 1073152K
  class space    used 2972K, committed 3136K, reserved 1048576K
}
Event: 38.938 GC heap after
{Heap after GC invocations=82 (full 0):
 garbage-first heap   total 253952K, used 14591K [0x000000008aa00000, 0x0000000100000000)
  region size 1024K, 1 young (1024K), 1 survivors (1024K)
 Metaspace       used 24716K, committed 25088K, reserved 1073152K
  class space    used 2972K, committed 3136K, reserved 1048576K
}
Event: 39.577 GC heap before
{Heap before GC invocations=82 (full 0):
 garbage-first heap   total 253952K, used 116991K [0x000000008aa00000, 0x0000000100000000)
  region size 1024K, 6 young (6144K), 1 survivors (1024K)
 Metaspace       used 24718K, committed 25088K, reserved 1073152K
  class space    used 2972K, committed 3136K, reserved 1048576K
}
Event: 39.579 GC heap after
{Heap after GC invocations=83 (full 0):
 garbage-first heap   total 253952K, used 14703K [0x000000008aa00000, 0x0000000100000000)
  region size 1024K, 1 young (1024K), 1 survivors (1024K)
 Metaspace       used 24718K, committed 25088K, reserved 1073152K
  class space    used 2972K, committed 3136K, reserved 1048576K
}
Event: 40.522 GC heap before
{Heap before GC invocations=83 (full 0):
 garbage-first heap   total 253952K, used 116079K [0x000000008aa00000, 0x0000000100000000)
  region size 1024K, 5 young (5120K), 1 survivors (1024K)
 Metaspace       used 24723K, committed 25088K, reserved 1073152K
  class space    used 2972K, committed 3136K, reserved 1048576K
}
Event: 40.523 GC heap after
{Heap after GC invocations=84 (full 0):
 garbage-first heap   total 253952K, used 14707K [0x000000008aa00000, 0x0000000100000000)
  region size 1024K, 1 young (1024K), 1 survivors (1024K)
 Metaspace       used 24723K, committed 25088K, reserved 1073152K
  class space    used 2972K, committed 3136K, reserved 1048576K
}
Event: 41.018 GC heap before
{Heap before GC invocations=84 (full 0):
 garbage-first heap   total 253952K, used 115059K [0x000000008aa00000, 0x0000000100000000)
  region size 1024K, 4 young (4096K), 1 survivors (1024K)
 Metaspace       used 24723K, committed 25088K, reserved 1073152K
  class space    used 2972K, committed 3136K, reserved 1048576K
}
Event: 41.019 GC heap after
{Heap after GC invocations=85 (full 0):
 garbage-first heap   total 253952K, used 14715K [0x000000008aa00000, 0x0000000100000000)
  region size 1024K, 1 young (1024K), 1 survivors (1024K)
 Metaspace       used 24723K, committed 25088K, reserved 1073152K
  class space    used 2972K, committed 3136K, reserved 1048576K
}
Event: 41.162 GC heap before
{Heap before GC invocations=85 (full 0):
 garbage-first heap   total 253952K, used 116091K [0x000000008aa00000, 0x0000000100000000)
  region size 1024K, 5 young (5120K), 1 survivors (1024K)
 Metaspace       used 24723K, committed 25088K, reserved 1073152K
  class space    used 2972K, committed 3136K, reserved 1048576K
}
Event: 41.163 GC heap after
{Heap after GC invocations=86 (full 0):
 garbage-first heap   total 253952K, used 14713K [0x000000008aa00000, 0x0000000100000000)
  region size 1024K, 1 young (1024K), 1 survivors (1024K)
 Metaspace       used 24723K, committed 25088K, reserved 1073152K
  class space    used 2972K, committed 3136K, reserved 1048576K
}
Event: 41.354 GC heap before
{Heap before GC invocations=86 (full 0):
 garbage-first heap   total 253952K, used 115065K [0x000000008aa00000, 0x0000000100000000)
  region size 1024K, 4 young (4096K), 1 survivors (1024K)
 Metaspace       used 24723K, committed 25088K, reserved 1073152K
  class space    used 2972K, committed 3136K, reserved 1048576K
}
Event: 41.355 GC heap after
{Heap after GC invocations=87 (full 0):
 garbage-first heap   total 253952K, used 14717K [0x000000008aa00000, 0x0000000100000000)
  region size 1024K, 1 young (1024K), 1 survivors (1024K)
 Metaspace       used 24723K, committed 25088K, reserved 1073152K
  class space    used 2972K, committed 3136K, reserved 1048576K
}
Event: 56.777 GC heap before
{Heap before GC invocations=87 (full 0):
 garbage-first heap   total 253952K, used 238973K [0x000000008aa00000, 0x0000000100000000)
  region size 1024K, 148 young (151552K), 1 survivors (1024K)
 Metaspace       used 25505K, committed 25920K, reserved 1073152K
  class space    used 2986K, committed 3136K, reserved 1048576K
}
Event: 56.779 GC heap after
{Heap after GC invocations=88 (full 0):
 garbage-first heap   total 253952K, used 15141K [0x000000008aa00000, 0x0000000100000000)
  region size 1024K, 1 young (1024K), 1 survivors (1024K)
 Metaspace       used 25505K, committed 25920K, reserved 1073152K
  class space    used 2986K, committed 3136K, reserved 1048576K
}

